2020-05-03 11:21:12,652 INFO TestYandex [main] Драйвер поднят
2020-05-03 11:21:14,724 INFO TestYandex [main] Перешли на Яндекс.Маркет
2020-05-03 11:21:23,946 INFO TestYandex [main] Перешли во вкладку Электроника
2020-05-03 11:21:26,561 INFO TestYandex [main] Перешли во вкладку Мобильные телефоны
2020-05-03 11:21:31,492 INFO TestYandex [main] Выбираем Meizu
2020-05-03 11:21:32,597 INFO TestYandex [main] Выбираем Xiaomi
2020-05-03 11:21:32,798 INFO TestYandex [main] Ставим чек-бокс Смартфоны
2020-05-03 11:21:33,019 INFO TestYandex [main] Фильтруем по цене
2020-05-03 11:21:36,877 INFO TestYandex [main] Добавили первый в списке Xiaomi в сравнение, проверили что отобразился поп-ап
2020-05-03 11:21:37,912 INFO TestYandex [main] Добавили первый в списке Meizu в сравнение, проверили что отобразился поп-ап
2020-05-03 11:21:39,331 INFO TestYandex [main] Перешли на страницу Сравнение
2020-05-03 11:21:39,385 INFO TestYandex [main] Проверили что в сравнении 2 позиции
2020-05-03 11:21:39,567 INFO TestYandex [main] Перешли во вкладку Все характеристики
2020-05-03 11:21:40,176 INFO TestYandex [main] Проверили что отображается пункт Операционная система
2020-05-03 11:21:40,334 INFO TestYandex [main] Перешли во вкладку Различающиеся характеристики
2020-05-03 11:21:40,375 INFO TestYandex [main] Проверили что не отображается пункт Операционная система
2020-05-03 11:24:52,058 INFO TestYandex [main] Драйвер поднят
2020-05-03 11:24:53,746 INFO TestYandex [main] Перешли на Яндекс.Маркет
2020-05-03 11:25:01,439 INFO TestYandex [main] Перешли во вкладку Электроника
2020-05-03 11:25:04,517 INFO TestYandex [main] Перешли во вкладку Мобильные телефоны
2020-05-03 11:25:08,838 INFO TestYandex [main] Выбираем Meizu
2020-05-03 11:25:09,959 INFO TestYandex [main] Выбираем Xiaomi
2020-05-03 11:25:10,223 INFO TestYandex [main] Ставим чек-бокс Смартфоны
2020-05-03 11:25:10,424 INFO TestYandex [main] Фильтруем по цене
2020-05-03 11:25:14,418 INFO TestYandex [main] Добавили первый в списке Xiaomi в сравнение, проверили что отобразился поп-ап
2020-05-03 11:25:15,816 INFO TestYandex [main] Добавили первый в списке Meizu в сравнение, проверили что отобразился поп-ап
2020-05-03 11:25:17,147 INFO TestYandex [main] Перешли на страницу Сравнение
2020-05-03 11:25:17,195 INFO TestYandex [main] Проверили что в сравнении 2 позиции
2020-05-03 11:25:17,402 INFO TestYandex [main] Перешли во вкладку Все характеристики
2020-05-03 11:25:18,044 INFO TestYandex [main] Проверили что отображается пункт Операционная система
2020-05-03 11:25:18,236 INFO TestYandex [main] Перешли во вкладку Различающиеся характеристики
2020-05-03 11:25:18,285 INFO TestYandex [main] Проверили что не отображается пункт Операционная система
